# JRE version: Java(TM) SE Runtime Environment (8.0_144-b01) (build 1.8.0_144-b01)
# Java VM: Java HotSpot(TM) 64-Bit Server VM (25.144-b01 mixed mode windows-amd64 compressed oops)
Heap:
 PSYoungGen      total 618496K, used 150447K [0x00000000d5580000, 0x0000000100000000, 0x0000000100000000)
  eden space 547328K, 17% used [0x00000000d5580000,0x00000000db517278,0x00000000f6c00000)
  from space 71168K, 73% used [0x00000000fb680000,0x00000000fe9d4aa0,0x00000000ffc00000)
  to   space 75776K, 0% used [0x00000000f6c00000,0x00000000f6c00000,0x00000000fb600000)
 ParOldGen       total 1393152K, used 153226K [0x0000000080000000, 0x00000000d5080000, 0x00000000d5580000)
  object space 1393152K, 10% used [0x0000000080000000,0x00000000895a2918,0x00000000d5080000)
 Metaspace       used 116887K, capacity 122838K, committed 123136K, reserved 1157120K
  class space    used 14816K, capacity 16020K, committed 16128K, reserved 1048576K
GC Heap History (10 events):
Event: 89.684 GC heap before
{Heap before GC invocations=24 (full 4):
 PSYoungGen      total 545280K, used 544877K [0x00000000d5580000, 0x00000000ffc00000, 0x0000000100000000)
  eden space 530944K, 100% used [0x00000000d5580000,0x00000000f5c00000,0x00000000f5c00000)
  from space 14336K, 97% used [0x00000000f5c00000,0x00000000f699b678,0x00000000f6a00000)
  to   space 81920K, 0% used [0x00000000fac00000,0x00000000fac00000,0x00000000ffc00000)
 ParOldGen       total 1393152K, used 114258K [0x0000000080000000, 0x00000000d5080000, 0x00000000d5580000)
  object space 1393152K, 8% used [0x0000000080000000,0x0000000086f94b60,0x00000000d5080000)
 Metaspace       used 115465K, capacity 121298K, committed 121600K, reserved 1155072K
  class space    used 14774K, capacity 15968K, committed 16128K, reserved 1048576K
Event: 89.705 GC heap after
Heap after GC invocations=24 (full 4):
 PSYoungGen      total 616448K, used 36300K [0x00000000d5580000, 0x0000000100000000, 0x0000000100000000)
  eden space 534528K, 0% used [0x00000000d5580000,0x00000000d5580000,0x00000000f5f80000)
  from space 81920K, 44% used [0x00000000fac00000,0x00000000fcf73350,0x00000000ffc00000)
  to   space 78336K, 0% used [0x00000000f5f80000,0x00000000f5f80000,0x00000000fac00000)
 ParOldGen       total 1393152K, used 114266K [0x0000000080000000, 0x00000000d5080000, 0x00000000d5580000)
  object space 1393152K, 8% used [0x0000000080000000,0x0000000086f96b60,0x00000000d5080000)
 Metaspace       used 115465K, capacity 121298K, committed 121600K, reserved 1155072K
  class space    used 14774K, capacity 15968K, committed 16128K, reserved 1048576K
}
Event: 90.341 GC heap before
{Heap before GC invocations=25 (full 4):
 PSYoungGen      total 616448K, used 570828K [0x00000000d5580000, 0x0000000100000000, 0x0000000100000000)
  eden space 534528K, 100% used [0x00000000d5580000,0x00000000f5f80000,0x00000000f5f80000)
  from space 81920K, 44% used [0x00000000fac00000,0x00000000fcf73350,0x00000000ffc00000)
  to   space 78336K, 0% used [0x00000000f5f80000,0x00000000f5f80000,0x00000000fac00000)
 ParOldGen       total 1393152K, used 114268K [0x0000000080000000, 0x00000000d5080000, 0x00000000d5580000)
  object space 1393152K, 8% used [0x0000000080000000,0x0000000086f97000,0x00000000d5080000)
 Metaspace       used 116200K, capacity 122156K, committed 122368K, reserved 1155072K
  class space    used 14805K, capacity 16015K, committed 16128K, reserved 1048576K
Event: 90.362 GC heap after
Heap after GC invocations=25 (full 4):
 PSYoungGen      total 567296K, used 32518K [0x00000000d5580000, 0x00000000ff380000, 0x0000000100000000)
  eden space 534528K, 0% used [0x00000000d5580000,0x00000000d5580000,0x00000000f5f80000)
  from space 32768K, 99% used [0x00000000f5f80000,0x00000000f7f41bd8,0x00000000f7f80000)
  to   space 73728K, 0% used [0x00000000fab80000,0x00000000fab80000,0x00000000ff380000)
 ParOldGen       total 1393152K, used 121239K [0x0000000080000000, 0x00000000d5080000, 0x00000000d5580000)
  object space 1393152K, 8% used [0x0000000080000000,0x0000000087665e00,0x00000000d5080000)
 Metaspace       used 116200K, capacity 122156K, committed 122368K, reserved 1155072K
  class space    used 14805K, capacity 16015K, committed 16128K, reserved 1048576K
}
Event: 90.786 GC heap before
{Heap before GC invocations=26 (full 4):
 PSYoungGen      total 567296K, used 567046K [0x00000000d5580000, 0x00000000ff380000, 0x0000000100000000)
  eden space 534528K, 100% used [0x00000000d5580000,0x00000000f5f80000,0x00000000f5f80000)
  from space 32768K, 99% used [0x00000000f5f80000,0x00000000f7f41bd8,0x00000000f7f80000)
  to   space 73728K, 0% used [0x00000000fab80000,0x00000000fab80000,0x00000000ff380000)
 ParOldGen       total 1393152K, used 121239K [0x0000000080000000, 0x00000000d5080000, 0x00000000d5580000)
  object space 1393152K, 8% used [0x0000000080000000,0x0000000087665e00,0x00000000d5080000)
 Metaspace       used 116579K, capacity 122480K, committed 122624K, reserved 1155072K
  class space    used 14815K, capacity 16019K, committed 16128K, reserved 1048576K
Event: 90.805 GC heap after
Heap after GC invocations=26 (full 4):
 PSYoungGen      total 613376K, used 17203K [0x00000000d5580000, 0x0000000100000000, 0x0000000100000000)
  eden space 539648K, 0% used [0x00000000d5580000,0x00000000d5580000,0x00000000f6480000)
  from space 73728K, 23% used [0x00000000fab80000,0x00000000fbc4ce50,0x00000000ff380000)
  to   space 72704K, 0% used [0x00000000f6480000,0x00000000f6480000,0x00000000fab80000)
 ParOldGen       total 1393152K, used 139803K [0x0000000080000000, 0x00000000d5080000, 0x00000000d5580000)
  object space 1393152K, 10% used [0x0000000080000000,0x0000000088886e00,0x00000000d5080000)
 Metaspace       used 116579K, capacity 122480K, committed 122624K, reserved 1155072K
  class space    used 14815K, capacity 16019K, committed 16128K, reserved 1048576K
}
Event: 91.182 GC heap before
{Heap before GC invocations=27 (full 4):
 PSYoungGen      total 613376K, used 556851K [0x00000000d5580000, 0x0000000100000000, 0x0000000100000000)
  eden space 539648K, 100% used [0x00000000d5580000,0x00000000f6480000,0x00000000f6480000)
  from space 73728K, 23% used [0x00000000fab80000,0x00000000fbc4ce50,0x00000000ff380000)
  to   space 72704K, 0% used [0x00000000f6480000,0x00000000f6480000,0x00000000fab80000)
 ParOldGen       total 1393152K, used 139803K [0x0000000080000000, 0x00000000d5080000, 0x00000000d5580000)
  object space 1393152K, 10% used [0x0000000080000000,0x0000000088886e00,0x00000000d5080000)
 Metaspace       used 116836K, capacity 122762K, committed 122880K, reserved 1157120K
  class space    used 14816K, capacity 16020K, committed 16128K, reserved 1048576K
Event: 91.197 GC heap after
Heap after GC invocations=27 (full 4):
 PSYoungGen      total 612352K, used 13523K [0x00000000d5580000, 0x00000000ffc00000, 0x0000000100000000)
  eden space 539648K, 0% used [0x00000000d5580000,0x00000000d5580000,0x00000000f6480000)
  from space 72704K, 18% used [0x00000000f6480000,0x00000000f71b4de0,0x00000000fab80000)
  to   space 71168K, 0% used [0x00000000fb680000,0x00000000fb680000,0x00000000ffc00000)
 ParOldGen       total 1393152K, used 147564K [0x0000000080000000, 0x00000000d5080000, 0x00000000d5580000)
  object space 1393152K, 10% used [0x0000000080000000,0x000000008901b1a0,0x00000000d5080000)
 Metaspace       used 116836K, capacity 122762K, committed 122880K, reserved 1157120K
  class space    used 14816K, capacity 16020K, committed 16128K, reserved 1048576K
}
Event: 91.537 GC heap before
{Heap before GC invocations=28 (full 4):
 PSYoungGen      total 612352K, used 553171K [0x00000000d5580000, 0x00000000ffc00000, 0x0000000100000000)
  eden space 539648K, 100% used [0x00000000d5580000,0x00000000f6480000,0x00000000f6480000)
  from space 72704K, 18% used [0x00000000f6480000,0x00000000f71b4de0,0x00000000fab80000)
  to   space 71168K, 0% used [0x00000000fb680000,0x00000000fb680000,0x00000000ffc00000)
 ParOldGen       total 1393152K, used 147564K [0x0000000080000000, 0x00000000d5080000, 0x00000000d5580000)
  object space 1393152K, 10% used [0x0000000080000000,0x000000008901b1a0,0x00000000d5080000)
 Metaspace       used 116886K, capacity 122838K, committed 123136K, reserved 1157120K
  class space    used 14816K, capacity 16020K, committed 16128K, reserved 1048576K
Event: 91.567 GC heap after
Heap after GC invocations=28 (full 4):
 PSYoungGen      total 618496K, used 52562K [0x00000000d5580000, 0x0000000100000000, 0x0000000100000000)
  eden space 547328K, 0% used [0x00000000d5580000,0x00000000d5580000,0x00000000f6c00000)
  from space 71168K, 73% used [0x00000000fb680000,0x00000000fe9d4aa0,0x00000000ffc00000)
  to   space 75776K, 0% used [0x00000000f6c00000,0x00000000f6c00000,0x00000000fb600000)
 ParOldGen       total 1393152K, used 153226K [0x0000000080000000, 0x00000000d5080000, 0x00000000d5580000)
  object space 1393152K, 10% used [0x0000000080000000,0x00000000895a2918,0x00000000d5080000)
 Metaspace       used 116886K, capacity 122838K, committed 123136K, reserved 1157120K
  class space    used 14816K, capacity 16020K, committed 16128K, reserved 1048576K
}

