# JRE version: Java(TM) SE Runtime Environment (8.0_144-b01) (build 1.8.0_144-b01)
# Java VM: Java HotSpot(TM) 64-Bit Server VM (25.144-b01 mixed mode windows-amd64 compressed oops)
Heap:
 PSYoungGen      total 648192K, used 118163K [0x00000000d5580000, 0x0000000100000000, 0x0000000100000000)
  eden space 602112K, 15% used [0x00000000d5580000,0x00000000db348b20,0x00000000fa180000)
  from space 46080K, 48% used [0x00000000fce00000,0x00000000fe39c2d8,0x00000000ffb00000)
  to   space 45568K, 0% used [0x00000000fa180000,0x00000000fa180000,0x00000000fce00000)
 ParOldGen       total 1398272K, used 465144K [0x0000000080000000, 0x00000000d5580000, 0x00000000d5580000)
  object space 1398272K, 33% used [0x0000000080000000,0x000000009c63e3f0,0x00000000d5580000)
 Metaspace       used 94448K, capacity 98392K, committed 99148K, reserved 1134592K
  class space    used 12383K, capacity 13220K, committed 13440K, reserved 1048576K
GC Heap History (10 events):
Event: 41.307 GC heap before
{Heap before GC invocations=44 (full 4):
 PSYoungGen      total 635904K, used 590515K [0x00000000d5580000, 0x00000000fff80000, 0x0000000100000000)
  eden space 582144K, 100% used [0x00000000d5580000,0x00000000f8e00000,0x00000000f8e00000)
  from space 53760K, 15% used [0x00000000f8e00000,0x00000000f962ce00,0x00000000fc280000)
  to   space 52224K, 0% used [0x00000000fcc80000,0x00000000fcc80000,0x00000000fff80000)
 ParOldGen       total 1398272K, used 423267K [0x0000000080000000, 0x00000000d5580000, 0x00000000d5580000)
  object space 1398272K, 30% used [0x0000000080000000,0x0000000099d58c50,0x00000000d5580000)
 Metaspace       used 94409K, capacity 98392K, committed 99148K, reserved 1134592K
  class space    used 12382K, capacity 13220K, committed 13440K, reserved 1048576K
Event: 41.319 GC heap after
Heap after GC invocations=44 (full 4):
 PSYoungGen      total 640000K, used 9714K [0x00000000d5580000, 0x00000000ffa80000, 0x0000000100000000)
  eden space 592896K, 0% used [0x00000000d5580000,0x00000000d5580000,0x00000000f9880000)
  from space 47104K, 20% used [0x00000000fcc80000,0x00000000fd5fcbe0,0x00000000ffa80000)
  to   space 50176K, 0% used [0x00000000f9880000,0x00000000f9880000,0x00000000fc980000)
 ParOldGen       total 1398272K, used 429645K [0x0000000080000000, 0x00000000d5580000, 0x00000000d5580000)
  object space 1398272K, 30% used [0x0000000080000000,0x000000009a3934a0,0x00000000d5580000)
 Metaspace       used 94409K, capacity 98392K, committed 99148K, reserved 1134592K
  class space    used 12382K, capacity 13220K, committed 13440K, reserved 1048576K
}
Event: 41.320 GC heap before
{Heap before GC invocations=45 (full 4):
 PSYoungGen      total 640000K, used 17515K [0x00000000d5580000, 0x00000000ffa80000, 0x0000000100000000)
  eden space 592896K, 1% used [0x00000000d5580000,0x00000000d5d1e0b8,0x00000000f9880000)
  from space 47104K, 20% used [0x00000000fcc80000,0x00000000fd5fcbe0,0x00000000ffa80000)
  to   space 50176K, 0% used [0x00000000f9880000,0x00000000f9880000,0x00000000fc980000)
 ParOldGen       total 1398272K, used 429645K [0x0000000080000000, 0x00000000d5580000, 0x00000000d5580000)
  object space 1398272K, 30% used [0x0000000080000000,0x000000009a3934a0,0x00000000d5580000)
 Metaspace       used 94409K, capacity 98392K, committed 99148K, reserved 1134592K
  class space    used 12382K, capacity 13220K, committed 13440K, reserved 1048576K
Event: 41.331 GC heap after
Heap after GC invocations=45 (full 4):
 PSYoungGen      total 643072K, used 224K [0x00000000d5580000, 0x0000000100000000, 0x0000000100000000)
  eden space 592896K, 0% used [0x00000000d5580000,0x00000000d5580000,0x00000000f9880000)
  from space 50176K, 0% used [0x00000000f9880000,0x00000000f98b8000,0x00000000fc980000)
  to   space 49664K, 0% used [0x00000000fcf80000,0x00000000fcf80000,0x0000000100000000)
 ParOldGen       total 1398272K, used 439106K [0x0000000080000000, 0x00000000d5580000, 0x00000000d5580000)
  object space 1398272K, 31% used [0x0000000080000000,0x000000009acd0be8,0x00000000d5580000)
 Metaspace       used 94409K, capacity 98392K, committed 99148K, reserved 1134592K
  class space    used 12382K, capacity 13220K, committed 13440K, reserved 1048576K
}
Event: 41.716 GC heap before
{Heap before GC invocations=46 (full 4):
 PSYoungGen      total 643072K, used 593120K [0x00000000d5580000, 0x0000000100000000, 0x0000000100000000)
  eden space 592896K, 100% used [0x00000000d5580000,0x00000000f9880000,0x00000000f9880000)
  from space 50176K, 0% used [0x00000000f9880000,0x00000000f98b8000,0x00000000fc980000)
  to   space 49664K, 0% used [0x00000000fcf80000,0x00000000fcf80000,0x0000000100000000)
 ParOldGen       total 1398272K, used 439106K [0x0000000080000000, 0x00000000d5580000, 0x00000000d5580000)
  object space 1398272K, 31% used [0x0000000080000000,0x000000009acd0be8,0x00000000d5580000)
 Metaspace       used 94419K, capacity 98392K, committed 99148K, reserved 1134592K
  class space    used 12382K, capacity 13220K, committed 13440K, reserved 1048576K
Event: 41.736 GC heap after
Heap after GC invocations=46 (full 4):
 PSYoungGen      total 647168K, used 23297K [0x00000000d5580000, 0x00000000ffe80000, 0x0000000100000000)
  eden space 599040K, 0% used [0x00000000d5580000,0x00000000d5580000,0x00000000f9e80000)
  from space 48128K, 48% used [0x00000000fcf80000,0x00000000fe6404e8,0x00000000ffe80000)
  to   space 49152K, 0% used [0x00000000f9e80000,0x00000000f9e80000,0x00000000fce80000)
 ParOldGen       total 1398272K, used 439178K [0x0000000080000000, 0x00000000d5580000, 0x00000000d5580000)
  object space 1398272K, 31% used [0x0000000080000000,0x000000009ace2be8,0x00000000d5580000)
 Metaspace       used 94419K, capacity 98392K, committed 99148K, reserved 1134592K
  class space    used 12382K, capacity 13220K, committed 13440K, reserved 1048576K
}
Event: 42.116 GC heap before
{Heap before GC invocations=47 (full 4):
 PSYoungGen      total 647168K, used 622337K [0x00000000d5580000, 0x00000000ffe80000, 0x0000000100000000)
  eden space 599040K, 100% used [0x00000000d5580000,0x00000000f9e80000,0x00000000f9e80000)
  from space 48128K, 48% used [0x00000000fcf80000,0x00000000fe6404e8,0x00000000ffe80000)
  to   space 49152K, 0% used [0x00000000f9e80000,0x00000000f9e80000,0x00000000fce80000)
 ParOldGen       total 1398272K, used 439178K [0x0000000080000000, 0x00000000d5580000, 0x00000000d5580000)
  object space 1398272K, 31% used [0x0000000080000000,0x000000009ace2be8,0x00000000d5580000)
 Metaspace       used 94424K, capacity 98392K, committed 99148K, reserved 1134592K
  class space    used 12383K, capacity 13220K, committed 13440K, reserved 1048576K
Event: 42.137 GC heap after
Heap after GC invocations=47 (full 4):
 PSYoungGen      total 614400K, used 15189K [0x00000000d5580000, 0x00000000ffb00000, 0x0000000100000000)
  eden space 599040K, 0% used [0x00000000d5580000,0x00000000d5580000,0x00000000f9e80000)
  from space 15360K, 98% used [0x00000000f9e80000,0x00000000fad55758,0x00000000fad80000)
  to   space 46080K, 0% used [0x00000000fce00000,0x00000000fce00000,0x00000000ffb00000)
 ParOldGen       total 1398272K, used 454533K [0x0000000080000000, 0x00000000d5580000, 0x00000000d5580000)
  object space 1398272K, 32% used [0x0000000080000000,0x000000009bbe14d0,0x00000000d5580000)
 Metaspace       used 94424K, capacity 98392K, committed 99148K, reserved 1134592K
  class space    used 12383K, capacity 13220K, committed 13440K, reserved 1048576K
}
Event: 42.478 GC heap before
{Heap before GC invocations=48 (full 4):
 PSYoungGen      total 614400K, used 614229K [0x00000000d5580000, 0x00000000ffb00000, 0x0000000100000000)
  eden space 599040K, 100% used [0x00000000d5580000,0x00000000f9e80000,0x00000000f9e80000)
  from space 15360K, 98% used [0x00000000f9e80000,0x00000000fad55758,0x00000000fad80000)
  to   space 46080K, 0% used [0x00000000fce00000,0x00000000fce00000,0x00000000ffb00000)
 ParOldGen       total 1398272K, used 454533K [0x0000000080000000, 0x00000000d5580000, 0x00000000d5580000)
  object space 1398272K, 32% used [0x0000000080000000,0x000000009bbe14d0,0x00000000d5580000)
 Metaspace       used 94447K, capacity 98392K, committed 99148K, reserved 1134592K
  class space    used 12383K, capacity 13220K, committed 13440K, reserved 1048576K
Event: 42.500 GC heap after
Heap after GC invocations=48 (full 4):
 PSYoungGen      total 648192K, used 22128K [0x00000000d5580000, 0x0000000100000000, 0x0000000100000000)
  eden space 602112K, 0% used [0x00000000d5580000,0x00000000d5580000,0x00000000fa180000)
  from space 46080K, 48% used [0x00000000fce00000,0x00000000fe39c2d8,0x00000000ffb00000)
  to   space 45568K, 0% used [0x00000000fa180000,0x00000000fa180000,0x00000000fce00000)
 ParOldGen       total 1398272K, used 465144K [0x0000000080000000, 0x00000000d5580000, 0x00000000d5580000)
  object space 1398272K, 33% used [0x0000000080000000,0x000000009c63e3f0,0x00000000d5580000)
 Metaspace       used 94447K, capacity 98392K, committed 99148K, reserved 1134592K
  class space    used 12383K, capacity 13220K, committed 13440K, reserved 1048576K
}

